============================= test session starts =============================
platform win32 -- Python 3.13.0, pytest-9.0.2, pluggy-1.6.0 -- C:\Users\WINDOWS\AppData\Local\Programs\Python\Python313\python.exe
cachedir: .pytest_cache
rootdir: C:\Projects\webnovel-architect
configfile: pytest.ini
plugins: anyio-4.12.1, asyncio-1.3.0, mock-3.15.1
asyncio: mode=Mode.AUTO, debug=False, asyncio_default_fixture_loop_scope=function, asyncio_default_test_loop_scope=function
collecting ... collected 23 items

tests/test_adapters.py::test_analyze_text_success PASSED                 [  4%]
tests/test_adapters.py::test_analyze_text_failure FAILED                 [  8%]
tests/test_adapters.py::test_get_model_info PASSED                       [ 13%]
tests/test_batch_ingestion.py::test_ingest_multiple_chapters_with_urls PASSED [ 17%]
tests/test_batch_ingestion.py::test_ingest_multiple_chapters_with_text PASSED [ 21%]
tests/test_causal_edges.py::test_add_causal_edge PASSED                  [ 26%]
tests/test_causal_edges.py::test_get_character_events PASSED             [ 30%]
tests/test_causal_edges.py::test_get_event_chain PASSED                  [ 34%]
tests/test_causal_edges.py::test_get_event_chain_cycle_prevention PASSED [ 39%]
tests/test_core.py::test_evaluate_graduation PASSED                      [ 43%]
tests/test_core.py::test_character_runtime_model PASSED                  [ 47%]
tests/test_core.py::test_check_graduation_status_no_change PASSED        [ 52%]
tests/test_core.py::test_check_graduation_status_graduates PASSED        [ 56%]
tests/test_extraction_deu.py::test_extract_chapter_intelligence_llm_deu_format FAILED [ 60%]
tests/test_scrapers.py::test_royal_road_scraper_can_handle PASSED        [ 65%]
tests/test_scrapers.py::test_royal_road_scrape_index PASSED              [ 69%]
tests/test_scrapers.py::test_royal_road_scraper_extraction PASSED        [ 73%]
tests/test_scrapers.py::test_epub_parser PASSED                          [ 78%]
tests/test_services.py::test_render_segments PASSED                      [ 82%]
tests/test_services.py::test_ingest_chapter_new_character PASSED         [ 86%]
tests/test_services.py::test_ingest_chapter_existing_character PASSED    [ 91%]
tests/test_services.py::test_find_character_by_name PASSED               [ 95%]
tests/test_services.py::test_build_narration_segments PASSED             [100%]

================================== FAILURES ===================================
__________________________ test_analyze_text_failure __________________________

    def test_analyze_text_failure():
        mock_litellm = MagicMock()
        mock_litellm.completion.side_effect = Exception("API error")
    
        with patch.dict('sys.modules', {'litellm': mock_litellm}):
            result = analyze_text("This is test text.", "test-model")
>           assert result is None
E           AssertionError: assert 'API Fallback: I was unable to connect to the AI model (test-model) after 3 attempts. Please verify your API keys and network connection. Last known error: API error' is None

tests\test_adapters.py:33: AssertionError
------------------------------ Captured log call ------------------------------
ERROR    adapters.llm_adapter:llm_adapter.py:31 Error calling LLM test-model (attempt 1/3): API error
ERROR    adapters.llm_adapter:llm_adapter.py:31 Error calling LLM test-model (attempt 2/3): API error
ERROR    adapters.llm_adapter:llm_adapter.py:31 Error calling LLM test-model (attempt 3/3): API error
______________ test_extract_chapter_intelligence_llm_deu_format _______________

    def test_extract_chapter_intelligence_llm_deu_format():
        # Arrange
        dummy_text = "Lucian explored the Ancient Ruins and found the artifact."
    
        mock_llm_response = {
            "active_character_names": ["Lucian"],
            "active_world_terms": ["Ancient Ruins", "Artifact"],
            "dialogue_count_total": 0,
            "events": [
                {
                    "action_summary": "Lucian finds the artifact in the Ancient Ruins.",
                    "involved_characters": ["Lucian"],
                    "pre_conditions": "Lucian is exploring the ruins.",
                    "post_conditions": "Lucian discovers the artifact.",
                    "location": "Ancient Ruins"
                }
            ]
        }
    
>       with patch('app.services.extraction.analyze_text_json') as mock_analyze:
             ^^^^^^^^^^^^^^^^^^^^^^^^^^^^^^^^^^^^^^^^^^^^^^^^^^

tests\test_extraction_deu.py:25: 
_ _ _ _ _ _ _ _ _ _ _ _ _ _ _ _ _ _ _ _ _ _ _ _ _ _ _ _ _ _ _ _ _ _ _ _ _ _ _ _
C:\Users\WINDOWS\AppData\Local\Programs\Python\Python313\Lib\unittest\mock.py:1491: in __enter__
    original, local = self.get_original()
                      ^^^^^^^^^^^^^^^^^^^
_ _ _ _ _ _ _ _ _ _ _ _ _ _ _ _ _ _ _ _ _ _ _ _ _ _ _ _ _ _ _ _ _ _ _ _ _ _ _ _

self = <unittest.mock._patch object at 0x0000026A82063450>

    def get_original(self):
        target = self.getter()
        name = self.attribute
    
        original = DEFAULT
        local = False
    
        try:
            original = target.__dict__[name]
        except (AttributeError, KeyError):
            original = getattr(target, name, DEFAULT)
        else:
            local = True
    
        if name in _builtins and isinstance(target, ModuleType):
            self.create = True
    
        if not self.create and original is DEFAULT:
>           raise AttributeError(
                "%s does not have the attribute %r" % (target, name)
            )
E           AttributeError: <module 'app.services.extraction' from 'C:\\Projects\\webnovel-architect\\app\\services\\extraction.py'> does not have the attribute 'analyze_text_json'

C:\Users\WINDOWS\AppData\Local\Programs\Python\Python313\Lib\unittest\mock.py:1464: AttributeError
=========================== short test summary info ===========================
FAILED tests/test_adapters.py::test_analyze_text_failure - AssertionError: as...
FAILED tests/test_extraction_deu.py::test_extract_chapter_intelligence_llm_deu_format
======================== 2 failed, 21 passed in 35.89s ========================
